<?xml version="1.0" encoding="UTF-8" ?>
<testsuite failures="0" time="15.714" errors="2" skipped="0" tests="2" name="com.voyage.model.BonVoyageServiceTest">
  <properties>
    <property name="java.runtime.name" value="Java(TM) SE Runtime Environment"/>
    <property name="sun.boot.library.path" value="/home/rkv/dev/jdk1.6.0_37/jre/lib/amd64"/>
    <property name="java.vm.version" value="20.12-b01"/>
    <property name="java.vm.vendor" value="Sun Microsystems Inc."/>
    <property name="java.vendor.url" value="http://java.sun.com/"/>
    <property name="path.separator" value=":"/>
    <property name="guice.disable.misplaced.annotation.check" value="true"/>
    <property name="java.vm.name" value="Java HotSpot(TM) 64-Bit Server VM"/>
    <property name="file.encoding.pkg" value="sun.io"/>
    <property name="user.country" value="US"/>
    <property name="sun.java.launcher" value="SUN_STANDARD"/>
    <property name="sun.os.patch.level" value="unknown"/>
    <property name="java.vm.specification.name" value="Java Virtual Machine Specification"/>
    <property name="user.dir" value="/home/rkv/dev/projects/bon-voyage"/>
    <property name="java.runtime.version" value="1.6.0_37-b06"/>
    <property name="java.awt.graphicsenv" value="sun.awt.X11GraphicsEnvironment"/>
    <property name="java.endorsed.dirs" value="/home/rkv/dev/jdk1.6.0_37/jre/lib/endorsed"/>
    <property name="os.arch" value="amd64"/>
    <property name="java.io.tmpdir" value="/tmp"/>
    <property name="line.separator" value="
"/>
    <property name="java.vm.specification.vendor" value="Sun Microsystems Inc."/>
    <property name="os.name" value="Linux"/>
    <property name="classworlds.conf" value="/home/rkv/dev/projects/.metadata/.plugins/org.eclipse.m2e.core/launches/m2conf864935572087700747.tmp"/>
    <property name="sun.jnu.encoding" value="UTF-8"/>
    <property name="java.library.path" value="/home/rkv/dev/jdk1.6.0_37/jre/lib/amd64/server:/home/rkv/dev/jdk1.6.0_37/jre/lib/amd64:/home/rkv/dev/jdk1.6.0_37/jre/../lib/amd64:/usr/java/packages/lib/amd64:/usr/lib64:/lib64:/lib:/usr/lib"/>
    <property name="java.specification.name" value="Java Platform API Specification"/>
    <property name="java.class.version" value="50.0"/>
    <property name="sun.management.compiler" value="HotSpot 64-Bit Tiered Compilers"/>
    <property name="os.version" value="3.2.0-36-generic"/>
    <property name="user.home" value="/home/rkv"/>
    <property name="user.timezone" value="Asia/Colombo"/>
    <property name="java.awt.printerjob" value="sun.print.PSPrinterJob"/>
    <property name="file.encoding" value="UTF-8"/>
    <property name="java.specification.version" value="1.6"/>
    <property name="user.name" value="rkv"/>
    <property name="java.class.path" value="/home/rkv/dev/eclipse/configuration/org.eclipse.osgi/bundles/1346/1/.cp/jars/plexus-classworlds-2.4.jar"/>
    <property name="java.vm.specification.version" value="1.0"/>
    <property name="sun.arch.data.model" value="64"/>
    <property name="java.home" value="/home/rkv/dev/jdk1.6.0_37/jre"/>
    <property name="sun.java.command" value="org.codehaus.plexus.classworlds.launcher.Launcher -B install"/>
    <property name="java.specification.vendor" value="Sun Microsystems Inc."/>
    <property name="user.language" value="en"/>
    <property name="java.vm.info" value="mixed mode"/>
    <property name="java.version" value="1.6.0_37"/>
    <property name="java.ext.dirs" value="/home/rkv/dev/jdk1.6.0_37/jre/lib/ext:/usr/java/packages/lib/ext"/>
    <property name="securerandom.source" value="file:/dev/./urandom"/>
    <property name="sun.boot.class.path" value="/home/rkv/dev/jdk1.6.0_37/jre/lib/resources.jar:/home/rkv/dev/jdk1.6.0_37/jre/lib/rt.jar:/home/rkv/dev/jdk1.6.0_37/jre/lib/sunrsasign.jar:/home/rkv/dev/jdk1.6.0_37/jre/lib/jsse.jar:/home/rkv/dev/jdk1.6.0_37/jre/lib/jce.jar:/home/rkv/dev/jdk1.6.0_37/jre/lib/charsets.jar:/home/rkv/dev/jdk1.6.0_37/jre/lib/modules/jdk.boot.jar:/home/rkv/dev/jdk1.6.0_37/jre/classes"/>
    <property name="java.vendor" value="Sun Microsystems Inc."/>
    <property name="maven.home" value="/home/rkv/dev/projects/bon-voyage/EMBEDDED"/>
    <property name="file.separator" value="/"/>
    <property name="java.vendor.url.bug" value="http://java.sun.com/cgi-bin/bugreport.cgi"/>
    <property name="sun.cpu.endian" value="little"/>
    <property name="sun.io.unicode.encoding" value="UnicodeLittle"/>
    <property name="sun.desktop" value="gnome"/>
    <property name="sun.cpu.isalist" value=""/>
  </properties>
  <testcase time="9.152" classname="com.voyage.model.BonVoyageServiceTest" name="testAddRailwayStation">
    <error type="java.lang.NullPointerException">java.lang.NullPointerException
	at com.voyage.model.BonVoyageServiceTest.testAddRailwayStation(BonVoyageServiceTest.java:21)
</error>
    <system-err>SLF4J: Failed to load class &quot;org.slf4j.impl.StaticLoggerBinder&quot;.
SLF4J: Defaulting to no-operation (NOP) logger implementation
SLF4J: See http://www.slf4j.org/codes.html#StaticLoggerBinder for further details.
</system-err>
  </testcase>
  <testcase time="6.55" classname="com.voyage.model.BonVoyageServiceTest" name="testGetRailwayStation">
    <error message="org.apache.lucene.store.LockObtainFailedException: Lock obtain timed out: NativeFSLock@/tmp/graph.db/index/lucene/node/RailwayStation/write.lock" type="java.lang.RuntimeException">java.lang.RuntimeException: org.apache.lucene.store.LockObtainFailedException: Lock obtain timed out: NativeFSLock@/tmp/graph.db/index/lucene/node/RailwayStation/write.lock
	at org.neo4j.index.impl.lucene.LuceneDataSource.newIndexWriter(LuceneDataSource.java:718)
	at org.neo4j.index.impl.lucene.LuceneDataSource.syncGetIndexSearcher(LuceneDataSource.java:596)
	at org.neo4j.index.impl.lucene.LuceneDataSource.getIndexSearcher(LuceneDataSource.java:560)
	at org.neo4j.index.impl.lucene.LuceneIndex.query(LuceneIndex.java:268)
	at org.neo4j.index.impl.lucene.LuceneIndex.get(LuceneIndex.java:207)
	at org.springframework.data.neo4j.repository.AbstractGraphRepository.getIndexHits(AbstractGraphRepository.java:189)
	at org.springframework.data.neo4j.repository.AbstractGraphRepository.findByPropertyValue(AbstractGraphRepository.java:174)
	at org.springframework.data.neo4j.repository.AbstractGraphRepository.findByPropertyValue(AbstractGraphRepository.java:161)
	at com.voyage.model.BonVoyageService.getRailwayStation(BonVoyageService.java:55)
	at com.voyage.model.BonVoyageServiceTest.testGetRailwayStation(BonVoyageServiceTest.java:25)
Caused by: org.apache.lucene.store.LockObtainFailedException: Lock obtain timed out: NativeFSLock@/tmp/graph.db/index/lucene/node/RailwayStation/write.lock
	at org.apache.lucene.store.Lock.obtain(Lock.java:84)
	at org.apache.lucene.index.IndexWriter.&lt;init&gt;(IndexWriter.java:1098)
	at org.neo4j.index.impl.lucene.LuceneDataSource.newIndexWriter(LuceneDataSource.java:707)
	... 37 more
</error>
  </testcase>
</testsuite>